<?xml version="1.0" encoding="UTF-8"?>
<testsuite name="Cenário: Pesquisar um cep e guardar as informações da pesquisa" time="0" tests="4" errors="0" skipped="0" failures="0">
  <properties>
[...]
</properties>
  <testcase name="Cenário: Pesquisar um cep e guardar as informações da pesquisa" classname="Cenário: Pesquisar um cep e guardar as informações da pesquisa" time="0"/>
  <testcase name="Dado que pesquiso um CEP" classname="Cenário: Pesquisar um cep e guardar as informações da pesquisa" time="0"/>
  <testcase name="Quando gravo a resposta" classname="Cenário: Pesquisar um cep e guardar as informações da pesquisa" time="0"/>
  <testcase name="Então valido a resposta gravada" classname="Cenário: Pesquisar um cep e guardar as informações da pesquisa" time="0"/>
</testsuite>